Determining if the pthread_create exist failed with the following output:
Change Dir: /home/almac/workspace/sfu-fall2017-assignments/cmpt479/cgbuild/CMakeFiles/CMakeTmp

Run Build Command:"/usr/bin/gmake" "cmTC_6f5c0/fast"
/usr/bin/gmake -f CMakeFiles/cmTC_6f5c0.dir/build.make CMakeFiles/cmTC_6f5c0.dir/build
gmake[1]: Entering directory '/home/almac/workspace/sfu-fall2017-assignments/cmpt479/cgbuild/CMakeFiles/CMakeTmp'
Building C object CMakeFiles/cmTC_6f5c0.dir/CheckSymbolExists.c.o
/usr/bin/cc    -o CMakeFiles/cmTC_6f5c0.dir/CheckSymbolExists.c.o   -c /home/almac/workspace/sfu-fall2017-assignments/cmpt479/cgbuild/CMakeFiles/CMakeTmp/CheckSymbolExists.c
Linking C executable cmTC_6f5c0
/usr/bin/cmake -E cmake_link_script CMakeFiles/cmTC_6f5c0.dir/link.txt --verbose=1
/usr/bin/cc      -rdynamic CMakeFiles/cmTC_6f5c0.dir/CheckSymbolExists.c.o  -o cmTC_6f5c0 
CMakeFiles/cmTC_6f5c0.dir/CheckSymbolExists.c.o: In function `main':
CheckSymbolExists.c:(.text+0x16): undefined reference to `pthread_create'
collect2: error: ld returned 1 exit status
gmake[1]: *** [CMakeFiles/cmTC_6f5c0.dir/build.make:98: cmTC_6f5c0] Error 1
gmake[1]: Leaving directory '/home/almac/workspace/sfu-fall2017-assignments/cmpt479/cgbuild/CMakeFiles/CMakeTmp'
gmake: *** [Makefile:126: cmTC_6f5c0/fast] Error 2

File /home/almac/workspace/sfu-fall2017-assignments/cmpt479/cgbuild/CMakeFiles/CMakeTmp/CheckSymbolExists.c:
/* */
#include <pthread.h>

int main(int argc, char** argv)
{
  (void)argv;
#ifndef pthread_create
  return ((int*)(&pthread_create))[argc];
#else
  (void)argc;
  return 0;
#endif
}

Determining if the function pthread_create exists in the pthreads failed with the following output:
Change Dir: /home/almac/workspace/sfu-fall2017-assignments/cmpt479/cgbuild/CMakeFiles/CMakeTmp

Run Build Command:"/usr/bin/gmake" "cmTC_5b27e/fast"
/usr/bin/gmake -f CMakeFiles/cmTC_5b27e.dir/build.make CMakeFiles/cmTC_5b27e.dir/build
gmake[1]: Entering directory '/home/almac/workspace/sfu-fall2017-assignments/cmpt479/cgbuild/CMakeFiles/CMakeTmp'
Building C object CMakeFiles/cmTC_5b27e.dir/CheckFunctionExists.c.o
/usr/bin/cc   -DCHECK_FUNCTION_EXISTS=pthread_create   -o CMakeFiles/cmTC_5b27e.dir/CheckFunctionExists.c.o   -c /usr/share/cmake/Modules/CheckFunctionExists.c
Linking C executable cmTC_5b27e
/usr/bin/cmake -E cmake_link_script CMakeFiles/cmTC_5b27e.dir/link.txt --verbose=1
/usr/bin/cc  -DCHECK_FUNCTION_EXISTS=pthread_create    -rdynamic CMakeFiles/cmTC_5b27e.dir/CheckFunctionExists.c.o  -o cmTC_5b27e -lpthreads 
/usr/bin/ld: cannot find -lpthreads
collect2: error: ld returned 1 exit status
gmake[1]: *** [CMakeFiles/cmTC_5b27e.dir/build.make:98: cmTC_5b27e] Error 1
gmake[1]: Leaving directory '/home/almac/workspace/sfu-fall2017-assignments/cmpt479/cgbuild/CMakeFiles/CMakeTmp'
gmake: *** [Makefile:126: cmTC_5b27e/fast] Error 2


